{
  "stats": {
    "suites": 6,
    "tests": 35,
    "passes": 35,
    "pending": 0,
    "failures": 0,
    "start": "2026-04-15T16:51:41.379Z",
    "end": "2026-04-15T16:51:41.427Z",
    "duration": 48,
    "testsRegistered": 35,
    "passPercent": 100,
    "pendingPercent": 0,
    "other": 0,
    "hasOther": false,
    "skipped": 0,
    "hasSkipped": false
  },
  "results": [
    {
      "uuid": "36810465-b1ee-4184-82c7-ea25b52b91f1",
      "title": "",
      "fullFile": "",
      "file": "",
      "beforeHooks": [],
      "afterHooks": [],
      "tests": [],
      "suites": [
        {
          "uuid": "42b7a196-8600-4caf-8ded-d12db0ef4a73",
          "title": "Integration: Advanced Scenarios (POM)",
          "fullFile": "/Users/saadzafar/.jenkins/workspace/auth-app-pipeline/tests/integration/advanced.test.js",
          "file": "/tests/integration/advanced.test.js",
          "beforeHooks": [
            {
              "title": "\"before each\" hook in \"Integration: Advanced Scenarios (POM)\"",
              "fullTitle": "Integration: Advanced Scenarios (POM) \"before each\" hook in \"Integration: Advanced Scenarios (POM)\"",
              "timedOut": false,
              "duration": 1,
              "state": null,
              "speed": null,
              "pass": false,
              "fail": false,
              "pending": false,
              "context": null,
              "code": "app = createApp();\nstore.clear();\nsignupPage = new SignupPage(app);\nloginPage = new LoginPage(app);",
              "err": {},
              "uuid": "bcf31934-5b6f-42a1-8ae7-3de1b507f9a7",
              "parentUUID": "42b7a196-8600-4caf-8ded-d12db0ef4a73",
              "isHook": true,
              "skipped": false
            }
          ],
          "afterHooks": [],
          "tests": [
            {
              "title": "1. rejects random garbage inputs as invalid",
              "fullTitle": "Integration: Advanced Scenarios (POM) 1. rejects random garbage inputs as invalid",
              "timedOut": false,
              "duration": 12,
              "state": "passed",
              "speed": "fast",
              "pass": true,
              "fail": false,
              "pending": false,
              "context": null,
              "code": "await signupPage.signup(randomString(2), 'notemail', randomString(3));\nexpect(signupPage.getStatus()).to.equal(400);",
              "err": {},
              "uuid": "44f95484-d8c1-465b-8043-0007a1e201b9",
              "parentUUID": "42b7a196-8600-4caf-8ded-d12db0ef4a73",
              "isHook": false,
              "skipped": false
            },
            {
              "title": "2. accepts boundary values (username=3, password=6)",
              "fullTitle": "Integration: Advanced Scenarios (POM) 2. accepts boundary values (username=3, password=6)",
              "timedOut": false,
              "duration": 2,
              "state": "passed",
              "speed": "fast",
              "pass": true,
              "fail": false,
              "pending": false,
              "context": null,
              "code": "await signupPage.signup('abc', 'a@b.co', 'abcdef');\nexpect(signupPage.isSuccess()).to.equal(true);",
              "err": {},
              "uuid": "828a9fa8-c682-45fc-9b60-a19c0affd718",
              "parentUUID": "42b7a196-8600-4caf-8ded-d12db0ef4a73",
              "isHook": false,
              "skipped": false
            },
            {
              "title": "3. rejects below-boundary values (username=2, password=5)",
              "fullTitle": "Integration: Advanced Scenarios (POM) 3. rejects below-boundary values (username=2, password=5)",
              "timedOut": false,
              "duration": 2,
              "state": "passed",
              "speed": "fast",
              "pass": true,
              "fail": false,
              "pending": false,
              "context": null,
              "code": "await signupPage.signup('ab', 'a@b.co', 'abcde');\nexpect(signupPage.getStatus()).to.equal(400);",
              "err": {},
              "uuid": "3322bd14-31d3-4729-9dc5-abb9e660b8f0",
              "parentUUID": "42b7a196-8600-4caf-8ded-d12db0ef4a73",
              "isHook": false,
              "skipped": false
            },
            {
              "title": "4. accepts special characters in password",
              "fullTitle": "Integration: Advanced Scenarios (POM) 4. accepts special characters in password",
              "timedOut": false,
              "duration": 1,
              "state": "passed",
              "speed": "fast",
              "pass": true,
              "fail": false,
              "pending": false,
              "context": null,
              "code": "await signupPage.signup('specuser', 'spec@test.com', 'P@$$w0rd!#');\nexpect(signupPage.isSuccess()).to.equal(true);",
              "err": {},
              "uuid": "0d42ab57-512b-4a9e-bc30-eeb450dba4a5",
              "parentUUID": "42b7a196-8600-4caf-8ded-d12db0ef4a73",
              "isHook": false,
              "skipped": false
            },
            {
              "title": "5. handles very long username (200 chars)",
              "fullTitle": "Integration: Advanced Scenarios (POM) 5. handles very long username (200 chars)",
              "timedOut": false,
              "duration": 2,
              "state": "passed",
              "speed": "fast",
              "pass": true,
              "fail": false,
              "pending": false,
              "context": null,
              "code": "const longName = 'a'.repeat(200);\nawait signupPage.signup(longName, 'long@test.com', 'secret123');\nexpect([201, 400]).to.include(signupPage.getStatus());",
              "err": {},
              "uuid": "0eca841d-66be-4fb1-a6f2-d461aec253e2",
              "parentUUID": "42b7a196-8600-4caf-8ded-d12db0ef4a73",
              "isHook": false,
              "skipped": false
            },
            {
              "title": "6. rejects duplicate signups (rapid multiple submissions)",
              "fullTitle": "Integration: Advanced Scenarios (POM) 6. rejects duplicate signups (rapid multiple submissions)",
              "timedOut": false,
              "duration": 2,
              "state": "passed",
              "speed": "fast",
              "pass": true,
              "fail": false,
              "pending": false,
              "context": null,
              "code": "const user = randomUser();\nawait signupPage.signup(user.username, user.email, user.password);\nawait signupPage.signup(user.username, user.email, user.password);\nexpect(signupPage.getStatus()).to.equal(409);\nexpect(signupPage.getErrorMessage().toLowerCase()).to.include('already');",
              "err": {},
              "uuid": "1c0fd411-0071-4368-b38d-a4bc16a4bad2",
              "parentUUID": "42b7a196-8600-4caf-8ded-d12db0ef4a73",
              "isHook": false,
              "skipped": false
            },
            {
              "title": "7. login is case-insensitive for email",
              "fullTitle": "Integration: Advanced Scenarios (POM) 7. login is case-insensitive for email",
              "timedOut": false,
              "duration": 2,
              "state": "passed",
              "speed": "fast",
              "pass": true,
              "fail": false,
              "pending": false,
              "context": null,
              "code": "await signupPage.signup('caseuser', 'Case@Test.com', 'secret123');\nawait loginPage.login('case@test.com', 'secret123');\nexpect(loginPage.isLoggedIn()).to.equal(true);",
              "err": {},
              "uuid": "918f0a4b-2e04-49f0-ac28-d16f2e5b452b",
              "parentUUID": "42b7a196-8600-4caf-8ded-d12db0ef4a73",
              "isHook": false,
              "skipped": false
            },
            {
              "title": "8. UI element locators exist on both pages",
              "fullTitle": "Integration: Advanced Scenarios (POM) 8. UI element locators exist on both pages",
              "timedOut": false,
              "duration": 2,
              "state": "passed",
              "speed": "fast",
              "pass": true,
              "fail": false,
              "pending": false,
              "context": null,
              "code": "await loginPage.visit();\nexpect(loginPage.exists('#email')).to.equal(true);\nexpect(loginPage.exists('#password')).to.equal(true);\nexpect(loginPage.exists('#login-btn')).to.equal(true);\nawait signupPage.visit();\nexpect(signupPage.exists('#username')).to.equal(true);\nexpect(signupPage.exists('#email')).to.equal(true);\nexpect(signupPage.exists('#password')).to.equal(true);\nexpect(signupPage.exists('#signup-btn')).to.equal(true);",
              "err": {},
              "uuid": "795d7a5c-427a-4a90-8c44-db1c2a9ec655",
              "parentUUID": "42b7a196-8600-4caf-8ded-d12db0ef4a73",
              "isHook": false,
              "skipped": false
            },
            {
              "title": "9. rejects whitespace-only username",
              "fullTitle": "Integration: Advanced Scenarios (POM) 9. rejects whitespace-only username",
              "timedOut": false,
              "duration": 0,
              "state": "passed",
              "speed": "fast",
              "pass": true,
              "fail": false,
              "pending": false,
              "context": null,
              "code": "await signupPage.signup('   ', 'ws@test.com', 'secret123');\nexpect(signupPage.getStatus()).to.equal(400);",
              "err": {},
              "uuid": "6a0db2a3-8e97-402b-be90-789340a68477",
              "parentUUID": "42b7a196-8600-4caf-8ded-d12db0ef4a73",
              "isHook": false,
              "skipped": false
            },
            {
              "title": "10. multiple rapid signup submissions with unique users all succeed",
              "fullTitle": "Integration: Advanced Scenarios (POM) 10. multiple rapid signup submissions with unique users all succeed",
              "timedOut": false,
              "duration": 3,
              "state": "passed",
              "speed": "fast",
              "pass": true,
              "fail": false,
              "pending": false,
              "context": null,
              "code": "for (let i = 0; i < 5; i++) {\n  const u = randomUser();\n  await signupPage.signup(u.username, u.email, u.password);\n  expect(signupPage.isSuccess()).to.equal(true);\n}",
              "err": {},
              "uuid": "475ba698-9c20-4454-be42-bac2de4d27ac",
              "parentUUID": "42b7a196-8600-4caf-8ded-d12db0ef4a73",
              "isHook": false,
              "skipped": false
            }
          ],
          "suites": [],
          "passes": [
            "44f95484-d8c1-465b-8043-0007a1e201b9",
            "828a9fa8-c682-45fc-9b60-a19c0affd718",
            "3322bd14-31d3-4729-9dc5-abb9e660b8f0",
            "0d42ab57-512b-4a9e-bc30-eeb450dba4a5",
            "0eca841d-66be-4fb1-a6f2-d461aec253e2",
            "1c0fd411-0071-4368-b38d-a4bc16a4bad2",
            "918f0a4b-2e04-49f0-ac28-d16f2e5b452b",
            "795d7a5c-427a-4a90-8c44-db1c2a9ec655",
            "6a0db2a3-8e97-402b-be90-789340a68477",
            "475ba698-9c20-4454-be42-bac2de4d27ac"
          ],
          "failures": [],
          "pending": [],
          "skipped": [],
          "duration": 28,
          "root": false,
          "rootEmpty": false,
          "_timeout": 10000
        },
        {
          "uuid": "b8592000-cb71-4fc7-b9fc-e946d899c34b",
          "title": "Integration: Login Page (POM)",
          "fullFile": "/Users/saadzafar/.jenkins/workspace/auth-app-pipeline/tests/integration/login.test.js",
          "file": "/tests/integration/login.test.js",
          "beforeHooks": [
            {
              "title": "\"before each\" hook in \"Integration: Login Page (POM)\"",
              "fullTitle": "Integration: Login Page (POM) \"before each\" hook in \"Integration: Login Page (POM)\"",
              "timedOut": false,
              "duration": 1,
              "state": null,
              "speed": null,
              "pass": false,
              "fail": false,
              "pending": false,
              "context": null,
              "code": "app = createApp();\nstore.clear();\nloginPage = new LoginPage(app);\nsignupPage = new SignupPage(app);\nawait signupPage.signup('testuser', 'test@example.com', 'secret123');",
              "err": {},
              "uuid": "8a01ce14-025f-41a4-b42f-0bae70acae66",
              "parentUUID": "b8592000-cb71-4fc7-b9fc-e946d899c34b",
              "isHook": true,
              "skipped": false
            }
          ],
          "afterHooks": [],
          "tests": [
            {
              "title": "renders login page with form",
              "fullTitle": "Integration: Login Page (POM) renders login page with form",
              "timedOut": false,
              "duration": 0,
              "state": "passed",
              "speed": "fast",
              "pass": true,
              "fail": false,
              "pending": false,
              "context": null,
              "code": "await loginPage.visit();\nexpect(loginPage.getStatus()).to.equal(200);\nexpect(loginPage.hasLoginForm()).to.equal(true);\nexpect(loginPage.getTitle()).to.equal('Login');",
              "err": {},
              "uuid": "41246fba-1bd5-4f64-b722-c5c91ba11c5e",
              "parentUUID": "b8592000-cb71-4fc7-b9fc-e946d899c34b",
              "isHook": false,
              "skipped": false
            },
            {
              "title": "logs in with valid credentials",
              "fullTitle": "Integration: Login Page (POM) logs in with valid credentials",
              "timedOut": false,
              "duration": 1,
              "state": "passed",
              "speed": "fast",
              "pass": true,
              "fail": false,
              "pending": false,
              "context": null,
              "code": "await loginPage.login('test@example.com', 'secret123');\nexpect(loginPage.isLoggedIn()).to.equal(true);",
              "err": {},
              "uuid": "aa076474-4619-4799-925a-1e1fb9e70c58",
              "parentUUID": "b8592000-cb71-4fc7-b9fc-e946d899c34b",
              "isHook": false,
              "skipped": false
            },
            {
              "title": "shows error on wrong password",
              "fullTitle": "Integration: Login Page (POM) shows error on wrong password",
              "timedOut": false,
              "duration": 0,
              "state": "passed",
              "speed": "fast",
              "pass": true,
              "fail": false,
              "pending": false,
              "context": null,
              "code": "await loginPage.login('test@example.com', 'wrongpass');\nexpect(loginPage.getStatus()).to.equal(401);\nexpect(loginPage.getErrorMessage().toLowerCase()).to.include('invalid');",
              "err": {},
              "uuid": "b0ddf536-8fe6-4289-8944-5269833b525e",
              "parentUUID": "b8592000-cb71-4fc7-b9fc-e946d899c34b",
              "isHook": false,
              "skipped": false
            },
            {
              "title": "shows error for non-existing user",
              "fullTitle": "Integration: Login Page (POM) shows error for non-existing user",
              "timedOut": false,
              "duration": 1,
              "state": "passed",
              "speed": "fast",
              "pass": true,
              "fail": false,
              "pending": false,
              "context": null,
              "code": "await loginPage.login('nobody@example.com', 'secret123');\nexpect(loginPage.getStatus()).to.equal(401);\nexpect(loginPage.getErrorMessage().toLowerCase()).to.include('does not exist');",
              "err": {},
              "uuid": "c4b95a91-a389-44b9-acc7-92add2eb14cd",
              "parentUUID": "b8592000-cb71-4fc7-b9fc-e946d899c34b",
              "isHook": false,
              "skipped": false
            },
            {
              "title": "shows required field errors on empty form",
              "fullTitle": "Integration: Login Page (POM) shows required field errors on empty form",
              "timedOut": false,
              "duration": 1,
              "state": "passed",
              "speed": "fast",
              "pass": true,
              "fail": false,
              "pending": false,
              "context": null,
              "code": "await loginPage.login('', '');\nexpect(loginPage.getStatus()).to.equal(400);\nexpect(loginPage.getErrorMessage().toLowerCase()).to.include('required');",
              "err": {},
              "uuid": "df7b4c9b-ce11-410a-a6df-4d9a350f7480",
              "parentUUID": "b8592000-cb71-4fc7-b9fc-e946d899c34b",
              "isHook": false,
              "skipped": false
            },
            {
              "title": "shows validation error on invalid email format",
              "fullTitle": "Integration: Login Page (POM) shows validation error on invalid email format",
              "timedOut": false,
              "duration": 0,
              "state": "passed",
              "speed": "fast",
              "pass": true,
              "fail": false,
              "pending": false,
              "context": null,
              "code": "await loginPage.login('notanemail', 'secret123');\nexpect(loginPage.getStatus()).to.equal(400);\nexpect(loginPage.getErrorMessage().toLowerCase()).to.include('invalid email');",
              "err": {},
              "uuid": "6ee4e5be-226a-4414-8279-f0106d3b22d6",
              "parentUUID": "b8592000-cb71-4fc7-b9fc-e946d899c34b",
              "isHook": false,
              "skipped": false
            }
          ],
          "suites": [],
          "passes": [
            "41246fba-1bd5-4f64-b722-c5c91ba11c5e",
            "aa076474-4619-4799-925a-1e1fb9e70c58",
            "b0ddf536-8fe6-4289-8944-5269833b525e",
            "c4b95a91-a389-44b9-acc7-92add2eb14cd",
            "df7b4c9b-ce11-410a-a6df-4d9a350f7480",
            "6ee4e5be-226a-4414-8279-f0106d3b22d6"
          ],
          "failures": [],
          "pending": [],
          "skipped": [],
          "duration": 3,
          "root": false,
          "rootEmpty": false,
          "_timeout": 10000
        },
        {
          "uuid": "31f1c36e-c564-4afb-8399-0e7e49d554f2",
          "title": "Integration: Signup Page (POM)",
          "fullFile": "/Users/saadzafar/.jenkins/workspace/auth-app-pipeline/tests/integration/signup.test.js",
          "file": "/tests/integration/signup.test.js",
          "beforeHooks": [
            {
              "title": "\"before each\" hook in \"Integration: Signup Page (POM)\"",
              "fullTitle": "Integration: Signup Page (POM) \"before each\" hook in \"Integration: Signup Page (POM)\"",
              "timedOut": false,
              "duration": 0,
              "state": null,
              "speed": null,
              "pass": false,
              "fail": false,
              "pending": false,
              "context": null,
              "code": "app = createApp();\nstore.clear();\nsignupPage = new SignupPage(app);",
              "err": {},
              "uuid": "8f914141-10fa-4d02-8131-6cfc5ea1b2de",
              "parentUUID": "31f1c36e-c564-4afb-8399-0e7e49d554f2",
              "isHook": true,
              "skipped": false
            }
          ],
          "afterHooks": [],
          "tests": [
            {
              "title": "renders signup page with form",
              "fullTitle": "Integration: Signup Page (POM) renders signup page with form",
              "timedOut": false,
              "duration": 1,
              "state": "passed",
              "speed": "fast",
              "pass": true,
              "fail": false,
              "pending": false,
              "context": null,
              "code": "await signupPage.visit();\nexpect(signupPage.getStatus()).to.equal(200);\nexpect(signupPage.hasSignupForm()).to.equal(true);\nexpect(signupPage.getTitle()).to.equal('Signup');",
              "err": {},
              "uuid": "0f73e05b-f49d-4da1-ab11-cdfb8a73b461",
              "parentUUID": "31f1c36e-c564-4afb-8399-0e7e49d554f2",
              "isHook": false,
              "skipped": false
            },
            {
              "title": "registers with valid data",
              "fullTitle": "Integration: Signup Page (POM) registers with valid data",
              "timedOut": false,
              "duration": 1,
              "state": "passed",
              "speed": "fast",
              "pass": true,
              "fail": false,
              "pending": false,
              "context": null,
              "code": "await signupPage.signup('saad', 'saad@example.com', 'secret123');\nexpect(signupPage.isSuccess()).to.equal(true);\nexpect(signupPage.getSuccessMessage().toLowerCase()).to.include('successful');",
              "err": {},
              "uuid": "ac26d491-45d0-43ab-b693-fbcf64715377",
              "parentUUID": "31f1c36e-c564-4afb-8399-0e7e49d554f2",
              "isHook": false,
              "skipped": false
            },
            {
              "title": "shows validation errors on missing fields",
              "fullTitle": "Integration: Signup Page (POM) shows validation errors on missing fields",
              "timedOut": false,
              "duration": 1,
              "state": "passed",
              "speed": "fast",
              "pass": true,
              "fail": false,
              "pending": false,
              "context": null,
              "code": "await signupPage.signup('', '', '');\nexpect(signupPage.getStatus()).to.equal(400);\nexpect(signupPage.getErrorMessage().toLowerCase()).to.include('required');",
              "err": {},
              "uuid": "dc73f571-300c-4f2e-945d-b69c57548b28",
              "parentUUID": "31f1c36e-c564-4afb-8399-0e7e49d554f2",
              "isHook": false,
              "skipped": false
            },
            {
              "title": "shows error for short password",
              "fullTitle": "Integration: Signup Page (POM) shows error for short password",
              "timedOut": false,
              "duration": 0,
              "state": "passed",
              "speed": "fast",
              "pass": true,
              "fail": false,
              "pending": false,
              "context": null,
              "code": "await signupPage.signup('saad', 'saad@example.com', '123');\nexpect(signupPage.getStatus()).to.equal(400);\nexpect(signupPage.getErrorMessage().toLowerCase()).to.include('password');",
              "err": {},
              "uuid": "afff7a77-3891-4280-a878-375700fd9270",
              "parentUUID": "31f1c36e-c564-4afb-8399-0e7e49d554f2",
              "isHook": false,
              "skipped": false
            },
            {
              "title": "shows error for invalid email",
              "fullTitle": "Integration: Signup Page (POM) shows error for invalid email",
              "timedOut": false,
              "duration": 1,
              "state": "passed",
              "speed": "fast",
              "pass": true,
              "fail": false,
              "pending": false,
              "context": null,
              "code": "await signupPage.signup('saad', 'bad-email', 'secret123');\nexpect(signupPage.getStatus()).to.equal(400);\nexpect(signupPage.getErrorMessage().toLowerCase()).to.include('email');",
              "err": {},
              "uuid": "437aefb2-468a-47bd-bd6b-054c84bbfcea",
              "parentUUID": "31f1c36e-c564-4afb-8399-0e7e49d554f2",
              "isHook": false,
              "skipped": false
            },
            {
              "title": "shows error for short username",
              "fullTitle": "Integration: Signup Page (POM) shows error for short username",
              "timedOut": false,
              "duration": 2,
              "state": "passed",
              "speed": "fast",
              "pass": true,
              "fail": false,
              "pending": false,
              "context": null,
              "code": "await signupPage.signup('ab', 'saad@example.com', 'secret123');\nexpect(signupPage.getStatus()).to.equal(400);\nexpect(signupPage.getErrorMessage().toLowerCase()).to.include('username');",
              "err": {},
              "uuid": "bbb5e6dd-fc26-4113-9dc4-80df19259a6a",
              "parentUUID": "31f1c36e-c564-4afb-8399-0e7e49d554f2",
              "isHook": false,
              "skipped": false
            }
          ],
          "suites": [],
          "passes": [
            "0f73e05b-f49d-4da1-ab11-cdfb8a73b461",
            "ac26d491-45d0-43ab-b693-fbcf64715377",
            "dc73f571-300c-4f2e-945d-b69c57548b28",
            "afff7a77-3891-4280-a878-375700fd9270",
            "437aefb2-468a-47bd-bd6b-054c84bbfcea",
            "bbb5e6dd-fc26-4113-9dc4-80df19259a6a"
          ],
          "failures": [],
          "pending": [],
          "skipped": [],
          "duration": 6,
          "root": false,
          "rootEmpty": false,
          "_timeout": 10000
        },
        {
          "uuid": "f5b46b43-8fe6-414b-840d-e6a3d1016731",
          "title": "Unit: Email Validation",
          "fullFile": "/Users/saadzafar/.jenkins/workspace/auth-app-pipeline/tests/unit/validators.test.js",
          "file": "/tests/unit/validators.test.js",
          "beforeHooks": [],
          "afterHooks": [],
          "tests": [
            {
              "title": "accepts a valid email",
              "fullTitle": "Unit: Email Validation accepts a valid email",
              "timedOut": false,
              "duration": 0,
              "state": "passed",
              "speed": "fast",
              "pass": true,
              "fail": false,
              "pending": false,
              "context": null,
              "code": "expect(validateEmail('user@example.com').valid).to.equal(true);",
              "err": {},
              "uuid": "ae8bb9a9-0eff-466f-8e11-4aca7f938333",
              "parentUUID": "f5b46b43-8fe6-414b-840d-e6a3d1016731",
              "isHook": false,
              "skipped": false
            },
            {
              "title": "rejects email missing @ symbol",
              "fullTitle": "Unit: Email Validation rejects email missing @ symbol",
              "timedOut": false,
              "duration": 0,
              "state": "passed",
              "speed": "fast",
              "pass": true,
              "fail": false,
              "pending": false,
              "context": null,
              "code": "expect(validateEmail('userexample.com').valid).to.equal(false);",
              "err": {},
              "uuid": "18351c0c-fddc-4756-9e71-1e465e06e536",
              "parentUUID": "f5b46b43-8fe6-414b-840d-e6a3d1016731",
              "isHook": false,
              "skipped": false
            },
            {
              "title": "rejects email missing domain",
              "fullTitle": "Unit: Email Validation rejects email missing domain",
              "timedOut": false,
              "duration": 0,
              "state": "passed",
              "speed": "fast",
              "pass": true,
              "fail": false,
              "pending": false,
              "context": null,
              "code": "expect(validateEmail('user@').valid).to.equal(false);",
              "err": {},
              "uuid": "d17fac0a-69ab-4e56-8677-45a33559782f",
              "parentUUID": "f5b46b43-8fe6-414b-840d-e6a3d1016731",
              "isHook": false,
              "skipped": false
            },
            {
              "title": "rejects empty email",
              "fullTitle": "Unit: Email Validation rejects empty email",
              "timedOut": false,
              "duration": 0,
              "state": "passed",
              "speed": "fast",
              "pass": true,
              "fail": false,
              "pending": false,
              "context": null,
              "code": "expect(validateEmail('').valid).to.equal(false);",
              "err": {},
              "uuid": "dd0f79cb-dee7-47e2-81d1-0d2aab3c6b88",
              "parentUUID": "f5b46b43-8fe6-414b-840d-e6a3d1016731",
              "isHook": false,
              "skipped": false
            },
            {
              "title": "rejects null email",
              "fullTitle": "Unit: Email Validation rejects null email",
              "timedOut": false,
              "duration": 0,
              "state": "passed",
              "speed": "fast",
              "pass": true,
              "fail": false,
              "pending": false,
              "context": null,
              "code": "expect(validateEmail(null).valid).to.equal(false);",
              "err": {},
              "uuid": "ae562a82-ded0-473f-8af0-366950791bf2",
              "parentUUID": "f5b46b43-8fe6-414b-840d-e6a3d1016731",
              "isHook": false,
              "skipped": false
            }
          ],
          "suites": [],
          "passes": [
            "ae8bb9a9-0eff-466f-8e11-4aca7f938333",
            "18351c0c-fddc-4756-9e71-1e465e06e536",
            "d17fac0a-69ab-4e56-8677-45a33559782f",
            "dd0f79cb-dee7-47e2-81d1-0d2aab3c6b88",
            "ae562a82-ded0-473f-8af0-366950791bf2"
          ],
          "failures": [],
          "pending": [],
          "skipped": [],
          "duration": 0,
          "root": false,
          "rootEmpty": false,
          "_timeout": 10000
        },
        {
          "uuid": "1dd5eafe-818f-4909-8e2d-20b675d179bc",
          "title": "Unit: Password Validation",
          "fullFile": "/Users/saadzafar/.jenkins/workspace/auth-app-pipeline/tests/unit/validators.test.js",
          "file": "/tests/unit/validators.test.js",
          "beforeHooks": [],
          "afterHooks": [],
          "tests": [
            {
              "title": "accepts valid password (>= 6 chars)",
              "fullTitle": "Unit: Password Validation accepts valid password (>= 6 chars)",
              "timedOut": false,
              "duration": 0,
              "state": "passed",
              "speed": "fast",
              "pass": true,
              "fail": false,
              "pending": false,
              "context": null,
              "code": "expect(validatePassword('secret1').valid).to.equal(true);",
              "err": {},
              "uuid": "2c292961-117a-4cb2-8a59-f83d14846dce",
              "parentUUID": "1dd5eafe-818f-4909-8e2d-20b675d179bc",
              "isHook": false,
              "skipped": false
            },
            {
              "title": "accepts boundary 6-char password",
              "fullTitle": "Unit: Password Validation accepts boundary 6-char password",
              "timedOut": false,
              "duration": 0,
              "state": "passed",
              "speed": "fast",
              "pass": true,
              "fail": false,
              "pending": false,
              "context": null,
              "code": "expect(validatePassword('abcdef').valid).to.equal(true);",
              "err": {},
              "uuid": "0c64d1cf-6d54-44e8-a8b1-0c749844ec6b",
              "parentUUID": "1dd5eafe-818f-4909-8e2d-20b675d179bc",
              "isHook": false,
              "skipped": false
            },
            {
              "title": "rejects short password (< 6 chars)",
              "fullTitle": "Unit: Password Validation rejects short password (< 6 chars)",
              "timedOut": false,
              "duration": 0,
              "state": "passed",
              "speed": "fast",
              "pass": true,
              "fail": false,
              "pending": false,
              "context": null,
              "code": "expect(validatePassword('abc').valid).to.equal(false);",
              "err": {},
              "uuid": "c2a67be0-58d3-44d0-bc9f-421ba3dc6ea4",
              "parentUUID": "1dd5eafe-818f-4909-8e2d-20b675d179bc",
              "isHook": false,
              "skipped": false
            },
            {
              "title": "rejects empty password",
              "fullTitle": "Unit: Password Validation rejects empty password",
              "timedOut": false,
              "duration": 0,
              "state": "passed",
              "speed": "fast",
              "pass": true,
              "fail": false,
              "pending": false,
              "context": null,
              "code": "expect(validatePassword('').valid).to.equal(false);",
              "err": {},
              "uuid": "c252ab9d-e44f-4d35-b146-b5ab8a20d9a6",
              "parentUUID": "1dd5eafe-818f-4909-8e2d-20b675d179bc",
              "isHook": false,
              "skipped": false
            }
          ],
          "suites": [],
          "passes": [
            "2c292961-117a-4cb2-8a59-f83d14846dce",
            "0c64d1cf-6d54-44e8-a8b1-0c749844ec6b",
            "c2a67be0-58d3-44d0-bc9f-421ba3dc6ea4",
            "c252ab9d-e44f-4d35-b146-b5ab8a20d9a6"
          ],
          "failures": [],
          "pending": [],
          "skipped": [],
          "duration": 0,
          "root": false,
          "rootEmpty": false,
          "_timeout": 10000
        },
        {
          "uuid": "daefa647-669b-4536-b4b1-43d4c1ba9335",
          "title": "Unit: Username Validation",
          "fullFile": "/Users/saadzafar/.jenkins/workspace/auth-app-pipeline/tests/unit/validators.test.js",
          "file": "/tests/unit/validators.test.js",
          "beforeHooks": [],
          "afterHooks": [],
          "tests": [
            {
              "title": "accepts valid username (>= 3 chars)",
              "fullTitle": "Unit: Username Validation accepts valid username (>= 3 chars)",
              "timedOut": false,
              "duration": 0,
              "state": "passed",
              "speed": "fast",
              "pass": true,
              "fail": false,
              "pending": false,
              "context": null,
              "code": "expect(validateUsername('saad').valid).to.equal(true);",
              "err": {},
              "uuid": "51e6a8ee-e078-42c7-b617-0fb7deb6ea6f",
              "parentUUID": "daefa647-669b-4536-b4b1-43d4c1ba9335",
              "isHook": false,
              "skipped": false
            },
            {
              "title": "accepts boundary 3-char username",
              "fullTitle": "Unit: Username Validation accepts boundary 3-char username",
              "timedOut": false,
              "duration": 0,
              "state": "passed",
              "speed": "fast",
              "pass": true,
              "fail": false,
              "pending": false,
              "context": null,
              "code": "expect(validateUsername('abc').valid).to.equal(true);",
              "err": {},
              "uuid": "23f148d3-28ca-4dca-9fb5-528da5374754",
              "parentUUID": "daefa647-669b-4536-b4b1-43d4c1ba9335",
              "isHook": false,
              "skipped": false
            },
            {
              "title": "rejects short username (< 3 chars)",
              "fullTitle": "Unit: Username Validation rejects short username (< 3 chars)",
              "timedOut": false,
              "duration": 0,
              "state": "passed",
              "speed": "fast",
              "pass": true,
              "fail": false,
              "pending": false,
              "context": null,
              "code": "expect(validateUsername('ab').valid).to.equal(false);",
              "err": {},
              "uuid": "27359d64-a0df-4df1-a7f7-1e7fb34b30a4",
              "parentUUID": "daefa647-669b-4536-b4b1-43d4c1ba9335",
              "isHook": false,
              "skipped": false
            },
            {
              "title": "rejects empty username",
              "fullTitle": "Unit: Username Validation rejects empty username",
              "timedOut": false,
              "duration": 0,
              "state": "passed",
              "speed": "fast",
              "pass": true,
              "fail": false,
              "pending": false,
              "context": null,
              "code": "expect(validateUsername('').valid).to.equal(false);",
              "err": {},
              "uuid": "a451aa98-dafc-492b-a8a1-f05b4054b195",
              "parentUUID": "daefa647-669b-4536-b4b1-43d4c1ba9335",
              "isHook": false,
              "skipped": false
            }
          ],
          "suites": [],
          "passes": [
            "51e6a8ee-e078-42c7-b617-0fb7deb6ea6f",
            "23f148d3-28ca-4dca-9fb5-528da5374754",
            "27359d64-a0df-4df1-a7f7-1e7fb34b30a4",
            "a451aa98-dafc-492b-a8a1-f05b4054b195"
          ],
          "failures": [],
          "pending": [],
          "skipped": [],
          "duration": 0,
          "root": false,
          "rootEmpty": false,
          "_timeout": 10000
        }
      ],
      "passes": [],
      "failures": [],
      "pending": [],
      "skipped": [],
      "duration": 0,
      "root": true,
      "rootEmpty": true,
      "_timeout": 10000
    }
  ],
  "meta": {
    "mocha": {
      "version": "10.8.2"
    },
    "mochawesome": {
      "options": {
        "quiet": true,
        "reportFilename": "test-report",
        "saveHtml": true,
        "saveJson": true,
        "consoleReporter": "spec",
        "useInlineDiffs": false,
        "code": true
      },
      "version": "7.1.4"
    },
    "marge": {
      "options": {
        "reportDir": "reports",
        "reportFilename": "test-report",
        "quiet": "true"
      },
      "version": "6.3.2"
    }
  }
}